\BOOKMARK [0][-]{section*.8}{\376\377\000A\000g\000r\000a\000d\000e\000c\000i\000m\000e\000n\000t\000o\000s}{}% 1
\BOOKMARK [0][-]{section*.12}{\376\377\000L\000i\000s\000t\000a\000\040\000d\000e\000\040\000F\000i\000g\000u\000r\000a\000s}{}% 2
\BOOKMARK [0][-]{section*.14}{\376\377\000L\000i\000s\000t\000a\000\040\000d\000e\000\040\000T\000a\000b\000e\000l\000a\000s}{}% 3
\BOOKMARK [0][-]{section*.15}{\376\377\000L\000i\000s\000t\000a\000\040\000d\000e\000\040\000A\000l\000g\000o\000r\000\355\000t\000m\000o\000s}{}% 4
\BOOKMARK [0][-]{section*.16}{\376\377\000L\000i\000s\000t\000a\000\040\000d\000e\000\040\000C\000\363\000d\000i\000g\000o}{}% 5
\BOOKMARK [0][-]{chapter.17}{\376\377\000A\000n\000\341\000l\000i\000s\000e\000\040\000d\000o\000\040\000P\000r\000o\000b\000l\000e\000m\000a}{}% 6
\BOOKMARK [1][-]{section.18}{\376\377\000C\000o\000n\000t\000e\000x\000t\000o}{chapter.17}% 7
\BOOKMARK [1][-]{section.19}{\376\377\000D\000o\000m\000\355\000n\000i\000o\000\040\000d\000o\000\040\000p\000r\000o\000b\000l\000e\000m\000a}{chapter.17}% 8
\BOOKMARK [1][-]{section.23}{\376\377\000R\000e\000q\000u\000i\000s\000i\000t\000o\000s\000\040\000f\000u\000n\000c\000i\000o\000n\000a\000i\000s\000\040\000e\000\040\000n\000a\000o\000\040\000f\000u\000n\000c\000i\000o\000n\000a\000i\000s}{chapter.17}% 9
\BOOKMARK [2][-]{subsection.24}{\376\377\000R\000e\000q\000u\000i\000s\000i\000t\000o\000s\000\040\000F\000u\000n\000c\000i\000o\000n\000a\000i\000s}{section.23}% 10
\BOOKMARK [3][-]{section*.26}{\376\377\000U\000C\000-\0000\0001\000\040\000|\000\040\000V\000i\000s\000u\000a\000l\000i\000z\000a\000\347\000\343\000o\000\040\000d\000e\000\040\000K\000P\000I\000'\000s}{subsection.24}% 11
\BOOKMARK [3][-]{section*.27}{\376\377\000U\000C\000-\0000\0002\000\040\000|\000\040\000F\000i\000l\000t\000r\000a\000g\000e\000m\000\040\000d\000e\000\040\000M\000\351\000t\000r\000i\000c\000a\000s}{subsection.24}% 12
\BOOKMARK [3][-]{section*.28}{\376\377\000U\000C\000-\0000\0003\000\040\000|\000\040\000M\000a\000p\000a\000\040\000d\000e\000\040\000M\000a\000t\000e\000r\000i\000a\000l\000i\000d\000a\000d\000e}{subsection.24}% 13
\BOOKMARK [3][-]{section*.29}{\376\377\000U\000C\000-\0000\0004\000\040\000|\000\040\000P\000o\000n\000t\000u\000a\000\347\000\343\000o\000\040\000E\000S\000G}{subsection.24}% 14
\BOOKMARK [3][-]{section*.30}{\376\377\000U\000C\000-\0000\0005\000\040\000|\000\040\000D\000e\000t\000a\000l\000h\000e\000s\000\040\000d\000e\000\040\000M\000\351\000t\000r\000i\000c\000a\000s}{subsection.24}% 15
\BOOKMARK [3][-]{section*.31}{\376\377\000U\000C\000-\0000\0006\000\040\000|\000\040\000M\000a\000p\000a\000\040\000d\000e\000\040\000M\000a\000t\000e\000r\000i\000a\000l\000i\000d\000a\000d\000e\000\040\000D\000e\000t\000a\000l\000h\000a\000d\000a}{subsection.24}% 16
\BOOKMARK [3][-]{section*.32}{\376\377\000U\000C\000-\0000\0007\000\040\000|\000\040\000M\000\351\000t\000r\000i\000c\000a\000s\000\040\000C\000u\000s\000t\000o\000m\000i\000z\000\341\000v\000e\000i\000s}{subsection.24}% 17
\BOOKMARK [3][-]{section*.33}{\376\377\000U\000C\000-\0000\0008\000\040\000|\000\040\000I\000m\000p\000o\000r\000t\000e\000\040\000d\000e\000\040\000D\000a\000d\000o\000s}{subsection.24}% 18
\BOOKMARK [3][-]{section*.34}{\376\377\000U\000C\000-\0000\0009\000\040\000|\000\040\000M\000o\000d\000o\000\040\000N\000o\000t\000u\000r\000n\000o}{subsection.24}% 19
\BOOKMARK [2][-]{subsection.35}{\376\377\000R\000e\000q\000u\000i\000s\000i\000t\000o\000s\000\040\000N\000\343\000o\000\040\000F\000u\000n\000c\000i\000o\000n\000a\000i\000s}{section.23}% 20
\BOOKMARK [0][-]{chapter.36}{\376\377\000D\000e\000s\000e\000n\000h\000o\000\040\000d\000a\000\040\000s\000o\000l\000u\000\347\000\343\000o}{}% 21
\BOOKMARK [1][-]{section.37}{\376\377\000M\000o\000d\000e\000l\000o\000\040\000d\000e\000\040\000a\000r\000q\000u\000i\000t\000e\000t\000u\000r\000a}{chapter.36}% 22
\BOOKMARK [1][-]{section.38}{\376\377\000D\000e\000s\000i\000g\000n\000\040\000A\000r\000q\000u\000i\000t\000e\000t\000u\000r\000a\000l}{chapter.36}% 23
